<?xml version="1.0" encoding="UTF-8"?>
<robot generator="Robot 6.1.1 (Python 3.11.4 on win32)" generated="20231104 16:17:03.872" rpa="false" schemaversion="4">
<suite id="s1" name="Register" source="C:\Users\tarmo\Desktop\ohtu\ohtuviikot\ohtu_palautukset\Viikko 3\web-login\src\tests\register.robot">
<kw name="Open And Configure Browser" library="resource" type="SETUP">
<kw name="Evaluate" library="BuiltIn">
<var>${options}</var>
<arg>sys.modules['selenium.webdriver'].ChromeOptions()</arg>
<arg>sys</arg>
<doc>Evaluates the given expression in Python and returns the result.</doc>
<msg timestamp="20231104 16:17:06.080" level="INFO">${options} = &lt;selenium.webdriver.chrome.options.Options object at 0x0000020954E85490&gt;</msg>
<status status="PASS" starttime="20231104 16:17:06.080" endtime="20231104 16:17:06.080"/>
</kw>
<kw name="Call Method" library="BuiltIn">
<arg>${options}</arg>
<arg>add_argument</arg>
<arg>--headless</arg>
<doc>Calls the named method of the given object with the provided arguments.</doc>
<status status="PASS" starttime="20231104 16:17:06.080" endtime="20231104 16:17:06.080"/>
</kw>
<kw name="Open Browser" library="SeleniumLibrary">
<arg>browser=chrome</arg>
<arg>options=${options}</arg>
<doc>Opens a new browser instance to the optional ``url``.</doc>
<msg timestamp="20231104 16:17:06.080" level="INFO">Opening browser 'chrome' to base url 'None'.</msg>
<status status="PASS" starttime="20231104 16:17:06.080" endtime="20231104 16:17:08.209"/>
</kw>
<kw name="Set Selenium Speed" library="SeleniumLibrary">
<arg>${DELAY}</arg>
<doc>Sets the delay that is waited after each Selenium command.</doc>
<status status="PASS" starttime="20231104 16:17:08.209" endtime="20231104 16:17:08.209"/>
</kw>
<status status="PASS" starttime="20231104 16:17:06.079" endtime="20231104 16:17:08.209"/>
</kw>
<test id="s1-t1" name="Register With Valid Username And Password" line="9">
<kw name="Go To Register Page" library="resource" type="SETUP">
<kw name="Go To" library="SeleniumLibrary">
<arg>${REGISTER_URL}</arg>
<doc>Navigates the current browser window to the provided ``url``.</doc>
<msg timestamp="20231104 16:17:08.211" level="INFO">Opening url 'http://localhost:5001/register'</msg>
<status status="PASS" starttime="20231104 16:17:08.210" endtime="20231104 16:17:08.567"/>
</kw>
<status status="PASS" starttime="20231104 16:17:08.210" endtime="20231104 16:17:08.567"/>
</kw>
<kw name="Set Username">
<arg>jami</arg>
<kw name="Input Text" library="SeleniumLibrary">
<arg>username</arg>
<arg>${username}</arg>
<doc>Types the given ``text`` into the text field identified by ``locator``.</doc>
<msg timestamp="20231104 16:17:08.568" level="INFO">Typing text 'jami' into text field 'username'.</msg>
<status status="PASS" starttime="20231104 16:17:08.568" endtime="20231104 16:17:08.624"/>
</kw>
<status status="PASS" starttime="20231104 16:17:08.567" endtime="20231104 16:17:08.624"/>
</kw>
<kw name="Set Password">
<arg>jami1234</arg>
<kw name="Input Password" library="SeleniumLibrary">
<arg>password</arg>
<arg>${password}</arg>
<doc>Types the given password into the text field identified by ``locator``.</doc>
<msg timestamp="20231104 16:17:08.625" level="INFO">Typing password into text field 'password'.</msg>
<msg timestamp="20231104 16:17:08.644" level="INFO">Temporally setting log level to: NONE</msg>
<msg timestamp="20231104 16:17:08.666" level="INFO">Log level changed from NONE to INFO.</msg>
<status status="PASS" starttime="20231104 16:17:08.624" endtime="20231104 16:17:08.666"/>
</kw>
<status status="PASS" starttime="20231104 16:17:08.624" endtime="20231104 16:17:08.666"/>
</kw>
<kw name="Set Password Confirmation">
<arg>jami1234</arg>
<kw name="Input Password" library="SeleniumLibrary">
<arg>password_confirmation</arg>
<arg>${password_confirmation}</arg>
<doc>Types the given password into the text field identified by ``locator``.</doc>
<msg timestamp="20231104 16:17:08.667" level="INFO">Typing password into text field 'password_confirmation'.</msg>
<msg timestamp="20231104 16:17:08.685" level="INFO">Temporally setting log level to: NONE</msg>
<msg timestamp="20231104 16:17:08.705" level="INFO">Log level changed from NONE to INFO.</msg>
<status status="PASS" starttime="20231104 16:17:08.667" endtime="20231104 16:17:08.705"/>
</kw>
<status status="PASS" starttime="20231104 16:17:08.666" endtime="20231104 16:17:08.705"/>
</kw>
<kw name="Submit Registeration">
<kw name="Click Button" library="SeleniumLibrary">
<arg>Register</arg>
<doc>Clicks the button identified by ``locator``.</doc>
<msg timestamp="20231104 16:17:08.705" level="INFO">Clicking button 'Register'.</msg>
<status status="PASS" starttime="20231104 16:17:08.705" endtime="20231104 16:17:09.059"/>
</kw>
<status status="PASS" starttime="20231104 16:17:08.705" endtime="20231104 16:17:09.060"/>
</kw>
<kw name="Registration Should Succeed">
<kw name="Welcome Page Should Be Open" library="resource">
<kw name="Title Should Be" library="SeleniumLibrary">
<arg>Welcome to Ohtu Application!</arg>
<doc>Verifies that the current page title equals ``title``.</doc>
<msg timestamp="20231104 16:17:09.063" level="INFO">Page title is 'Welcome to Ohtu Application!'.</msg>
<status status="PASS" starttime="20231104 16:17:09.060" endtime="20231104 16:17:09.063"/>
</kw>
<status status="PASS" starttime="20231104 16:17:09.060" endtime="20231104 16:17:09.063"/>
</kw>
<status status="PASS" starttime="20231104 16:17:09.060" endtime="20231104 16:17:09.063"/>
</kw>
<status status="PASS" starttime="20231104 16:17:08.209" endtime="20231104 16:17:09.063"/>
</test>
<test id="s1-t2" name="Register With Too Short Username And Valid Password" line="16">
<kw name="Go To Register Page" library="resource" type="SETUP">
<kw name="Go To" library="SeleniumLibrary">
<arg>${REGISTER_URL}</arg>
<doc>Navigates the current browser window to the provided ``url``.</doc>
<msg timestamp="20231104 16:17:09.064" level="INFO">Opening url 'http://localhost:5001/register'</msg>
<status status="PASS" starttime="20231104 16:17:09.064" endtime="20231104 16:17:09.134"/>
</kw>
<status status="PASS" starttime="20231104 16:17:09.064" endtime="20231104 16:17:09.134"/>
</kw>
<kw name="Set Username">
<arg>ja</arg>
<kw name="Input Text" library="SeleniumLibrary">
<arg>username</arg>
<arg>${username}</arg>
<doc>Types the given ``text`` into the text field identified by ``locator``.</doc>
<msg timestamp="20231104 16:17:09.135" level="INFO">Typing text 'ja' into text field 'username'.</msg>
<status status="PASS" starttime="20231104 16:17:09.134" endtime="20231104 16:17:09.173"/>
</kw>
<status status="PASS" starttime="20231104 16:17:09.134" endtime="20231104 16:17:09.173"/>
</kw>
<kw name="Set Password">
<arg>jami1234</arg>
<kw name="Input Password" library="SeleniumLibrary">
<arg>password</arg>
<arg>${password}</arg>
<doc>Types the given password into the text field identified by ``locator``.</doc>
<msg timestamp="20231104 16:17:09.174" level="INFO">Typing password into text field 'password'.</msg>
<msg timestamp="20231104 16:17:09.191" level="INFO">Temporally setting log level to: NONE</msg>
<msg timestamp="20231104 16:17:09.212" level="INFO">Log level changed from NONE to INFO.</msg>
<status status="PASS" starttime="20231104 16:17:09.173" endtime="20231104 16:17:09.212"/>
</kw>
<status status="PASS" starttime="20231104 16:17:09.173" endtime="20231104 16:17:09.212"/>
</kw>
<kw name="Set Password Confirmation">
<arg>jami1234</arg>
<kw name="Input Password" library="SeleniumLibrary">
<arg>password_confirmation</arg>
<arg>${password_confirmation}</arg>
<doc>Types the given password into the text field identified by ``locator``.</doc>
<msg timestamp="20231104 16:17:09.213" level="INFO">Typing password into text field 'password_confirmation'.</msg>
<msg timestamp="20231104 16:17:09.230" level="INFO">Temporally setting log level to: NONE</msg>
<msg timestamp="20231104 16:17:09.250" level="INFO">Log level changed from NONE to INFO.</msg>
<status status="PASS" starttime="20231104 16:17:09.212" endtime="20231104 16:17:09.250"/>
</kw>
<status status="PASS" starttime="20231104 16:17:09.212" endtime="20231104 16:17:09.250"/>
</kw>
<kw name="Submit Registeration">
<kw name="Click Button" library="SeleniumLibrary">
<arg>Register</arg>
<doc>Clicks the button identified by ``locator``.</doc>
<msg timestamp="20231104 16:17:09.251" level="INFO">Clicking button 'Register'.</msg>
<status status="PASS" starttime="20231104 16:17:09.250" endtime="20231104 16:17:09.590"/>
</kw>
<status status="PASS" starttime="20231104 16:17:09.250" endtime="20231104 16:17:09.590"/>
</kw>
<kw name="Registration Should Fail With Message">
<arg>name must be atleast 3 chr</arg>
<kw name="Register Page Should Be Open" library="resource">
<kw name="Title Should Be" library="SeleniumLibrary">
<arg>Register</arg>
<doc>Verifies that the current page title equals ``title``.</doc>
<msg timestamp="20231104 16:17:09.595" level="INFO">Page title is 'Register'.</msg>
<status status="PASS" starttime="20231104 16:17:09.591" endtime="20231104 16:17:09.595"/>
</kw>
<status status="PASS" starttime="20231104 16:17:09.591" endtime="20231104 16:17:09.595"/>
</kw>
<kw name="Page Should Contain" library="SeleniumLibrary">
<arg>${message}</arg>
<doc>Verifies that current page contains ``text``.</doc>
<msg timestamp="20231104 16:17:09.603" level="INFO">Current page contains text 'name must be atleast 3 chr'.</msg>
<status status="PASS" starttime="20231104 16:17:09.595" endtime="20231104 16:17:09.603"/>
</kw>
<status status="PASS" starttime="20231104 16:17:09.591" endtime="20231104 16:17:09.603"/>
</kw>
<status status="PASS" starttime="20231104 16:17:09.064" endtime="20231104 16:17:09.603"/>
</test>
<test id="s1-t3" name="Register With Valid Username And Invalid Password" line="23">
<kw name="Go To Register Page" library="resource" type="SETUP">
<kw name="Go To" library="SeleniumLibrary">
<arg>${REGISTER_URL}</arg>
<doc>Navigates the current browser window to the provided ``url``.</doc>
<msg timestamp="20231104 16:17:09.604" level="INFO">Opening url 'http://localhost:5001/register'</msg>
<status status="PASS" starttime="20231104 16:17:09.604" endtime="20231104 16:17:09.697"/>
</kw>
<status status="PASS" starttime="20231104 16:17:09.604" endtime="20231104 16:17:09.697"/>
</kw>
<kw name="Set Username">
<arg>jami</arg>
<kw name="Input Text" library="SeleniumLibrary">
<arg>username</arg>
<arg>${username}</arg>
<doc>Types the given ``text`` into the text field identified by ``locator``.</doc>
<msg timestamp="20231104 16:17:09.698" level="INFO">Typing text 'jami' into text field 'username'.</msg>
<status status="PASS" starttime="20231104 16:17:09.698" endtime="20231104 16:17:09.735"/>
</kw>
<status status="PASS" starttime="20231104 16:17:09.697" endtime="20231104 16:17:09.735"/>
</kw>
<kw name="Set Password">
<arg>jamijami</arg>
<kw name="Input Password" library="SeleniumLibrary">
<arg>password</arg>
<arg>${password}</arg>
<doc>Types the given password into the text field identified by ``locator``.</doc>
<msg timestamp="20231104 16:17:09.736" level="INFO">Typing password into text field 'password'.</msg>
<msg timestamp="20231104 16:17:09.751" level="INFO">Temporally setting log level to: NONE</msg>
<msg timestamp="20231104 16:17:09.771" level="INFO">Log level changed from NONE to INFO.</msg>
<status status="PASS" starttime="20231104 16:17:09.736" endtime="20231104 16:17:09.772"/>
</kw>
<status status="PASS" starttime="20231104 16:17:09.735" endtime="20231104 16:17:09.772"/>
</kw>
<kw name="Set Password Confirmation">
<arg>jamijami</arg>
<kw name="Input Password" library="SeleniumLibrary">
<arg>password_confirmation</arg>
<arg>${password_confirmation}</arg>
<doc>Types the given password into the text field identified by ``locator``.</doc>
<msg timestamp="20231104 16:17:09.772" level="INFO">Typing password into text field 'password_confirmation'.</msg>
<msg timestamp="20231104 16:17:09.788" level="INFO">Temporally setting log level to: NONE</msg>
<msg timestamp="20231104 16:17:09.807" level="INFO">Log level changed from NONE to INFO.</msg>
<status status="PASS" starttime="20231104 16:17:09.772" endtime="20231104 16:17:09.808"/>
</kw>
<status status="PASS" starttime="20231104 16:17:09.772" endtime="20231104 16:17:09.808"/>
</kw>
<kw name="Submit Registeration">
<kw name="Click Button" library="SeleniumLibrary">
<arg>Register</arg>
<doc>Clicks the button identified by ``locator``.</doc>
<msg timestamp="20231104 16:17:09.808" level="INFO">Clicking button 'Register'.</msg>
<status status="PASS" starttime="20231104 16:17:09.808" endtime="20231104 16:17:10.150"/>
</kw>
<status status="PASS" starttime="20231104 16:17:09.808" endtime="20231104 16:17:10.150"/>
</kw>
<kw name="Registration Should Fail With Message">
<arg>Insufficient password</arg>
<kw name="Register Page Should Be Open" library="resource">
<kw name="Title Should Be" library="SeleniumLibrary">
<arg>Register</arg>
<doc>Verifies that the current page title equals ``title``.</doc>
<msg timestamp="20231104 16:17:10.153" level="INFO">Page title is 'Register'.</msg>
<status status="PASS" starttime="20231104 16:17:10.150" endtime="20231104 16:17:10.153"/>
</kw>
<status status="PASS" starttime="20231104 16:17:10.150" endtime="20231104 16:17:10.153"/>
</kw>
<kw name="Page Should Contain" library="SeleniumLibrary">
<arg>${message}</arg>
<doc>Verifies that current page contains ``text``.</doc>
<msg timestamp="20231104 16:17:10.162" level="INFO">Current page contains text 'Insufficient password'.</msg>
<status status="PASS" starttime="20231104 16:17:10.153" endtime="20231104 16:17:10.162"/>
</kw>
<status status="PASS" starttime="20231104 16:17:10.150" endtime="20231104 16:17:10.162"/>
</kw>
<status status="PASS" starttime="20231104 16:17:09.604" endtime="20231104 16:17:10.162"/>
</test>
<test id="s1-t4" name="Register With Nonmatching Password And Password Confirmation" line="31">
<kw name="Go To Register Page" library="resource" type="SETUP">
<kw name="Go To" library="SeleniumLibrary">
<arg>${REGISTER_URL}</arg>
<doc>Navigates the current browser window to the provided ``url``.</doc>
<msg timestamp="20231104 16:17:10.163" level="INFO">Opening url 'http://localhost:5001/register'</msg>
<status status="PASS" starttime="20231104 16:17:10.163" endtime="20231104 16:17:10.226"/>
</kw>
<status status="PASS" starttime="20231104 16:17:10.163" endtime="20231104 16:17:10.226"/>
</kw>
<kw name="Set Username">
<arg>jami</arg>
<kw name="Input Text" library="SeleniumLibrary">
<arg>username</arg>
<arg>${username}</arg>
<doc>Types the given ``text`` into the text field identified by ``locator``.</doc>
<msg timestamp="20231104 16:17:10.226" level="INFO">Typing text 'jami' into text field 'username'.</msg>
<status status="PASS" starttime="20231104 16:17:10.226" endtime="20231104 16:17:10.263"/>
</kw>
<status status="PASS" starttime="20231104 16:17:10.226" endtime="20231104 16:17:10.263"/>
</kw>
<kw name="Set Password">
<arg>jami1234</arg>
<kw name="Input Password" library="SeleniumLibrary">
<arg>password</arg>
<arg>${password}</arg>
<doc>Types the given password into the text field identified by ``locator``.</doc>
<msg timestamp="20231104 16:17:10.264" level="INFO">Typing password into text field 'password'.</msg>
<msg timestamp="20231104 16:17:10.280" level="INFO">Temporally setting log level to: NONE</msg>
<msg timestamp="20231104 16:17:10.301" level="INFO">Log level changed from NONE to INFO.</msg>
<status status="PASS" starttime="20231104 16:17:10.263" endtime="20231104 16:17:10.301"/>
</kw>
<status status="PASS" starttime="20231104 16:17:10.263" endtime="20231104 16:17:10.301"/>
</kw>
<kw name="Set Password Confirmation">
<arg>jami12345</arg>
<kw name="Input Password" library="SeleniumLibrary">
<arg>password_confirmation</arg>
<arg>${password_confirmation}</arg>
<doc>Types the given password into the text field identified by ``locator``.</doc>
<msg timestamp="20231104 16:17:10.302" level="INFO">Typing password into text field 'password_confirmation'.</msg>
<msg timestamp="20231104 16:17:10.317" level="INFO">Temporally setting log level to: NONE</msg>
<msg timestamp="20231104 16:17:10.338" level="INFO">Log level changed from NONE to INFO.</msg>
<status status="PASS" starttime="20231104 16:17:10.302" endtime="20231104 16:17:10.338"/>
</kw>
<status status="PASS" starttime="20231104 16:17:10.302" endtime="20231104 16:17:10.338"/>
</kw>
<kw name="Submit Registeration">
<kw name="Click Button" library="SeleniumLibrary">
<arg>Register</arg>
<doc>Clicks the button identified by ``locator``.</doc>
<msg timestamp="20231104 16:17:10.339" level="INFO">Clicking button 'Register'.</msg>
<status status="PASS" starttime="20231104 16:17:10.339" endtime="20231104 16:17:10.676"/>
</kw>
<status status="PASS" starttime="20231104 16:17:10.339" endtime="20231104 16:17:10.677"/>
</kw>
<kw name="Registration Should Fail With Message">
<arg>password and password confirmation do not match</arg>
<kw name="Register Page Should Be Open" library="resource">
<kw name="Title Should Be" library="SeleniumLibrary">
<arg>Register</arg>
<doc>Verifies that the current page title equals ``title``.</doc>
<msg timestamp="20231104 16:17:10.680" level="INFO">Page title is 'Register'.</msg>
<status status="PASS" starttime="20231104 16:17:10.677" endtime="20231104 16:17:10.680"/>
</kw>
<status status="PASS" starttime="20231104 16:17:10.677" endtime="20231104 16:17:10.680"/>
</kw>
<kw name="Page Should Contain" library="SeleniumLibrary">
<arg>${message}</arg>
<doc>Verifies that current page contains ``text``.</doc>
<msg timestamp="20231104 16:17:10.688" level="INFO">Current page contains text 'password and password confirmation do not match'.</msg>
<status status="PASS" starttime="20231104 16:17:10.680" endtime="20231104 16:17:10.688"/>
</kw>
<status status="PASS" starttime="20231104 16:17:10.677" endtime="20231104 16:17:10.688"/>
</kw>
<status status="PASS" starttime="20231104 16:17:10.162" endtime="20231104 16:17:10.688"/>
</test>
<test id="s1-t5" name="Login After Successful Registration" line="39">
<kw name="Go To Register Page" library="resource" type="SETUP">
<kw name="Go To" library="SeleniumLibrary">
<arg>${REGISTER_URL}</arg>
<doc>Navigates the current browser window to the provided ``url``.</doc>
<msg timestamp="20231104 16:17:10.689" level="INFO">Opening url 'http://localhost:5001/register'</msg>
<status status="PASS" starttime="20231104 16:17:10.689" endtime="20231104 16:17:10.785"/>
</kw>
<status status="PASS" starttime="20231104 16:17:10.689" endtime="20231104 16:17:10.785"/>
</kw>
<kw name="Set Username">
<arg>jami</arg>
<kw name="Input Text" library="SeleniumLibrary">
<arg>username</arg>
<arg>${username}</arg>
<doc>Types the given ``text`` into the text field identified by ``locator``.</doc>
<msg timestamp="20231104 16:17:10.785" level="INFO">Typing text 'jami' into text field 'username'.</msg>
<status status="PASS" starttime="20231104 16:17:10.785" endtime="20231104 16:17:10.823"/>
</kw>
<status status="PASS" starttime="20231104 16:17:10.785" endtime="20231104 16:17:10.824"/>
</kw>
<kw name="Set Password">
<arg>jami1234</arg>
<kw name="Input Password" library="SeleniumLibrary">
<arg>password</arg>
<arg>${password}</arg>
<doc>Types the given password into the text field identified by ``locator``.</doc>
<msg timestamp="20231104 16:17:10.824" level="INFO">Typing password into text field 'password'.</msg>
<msg timestamp="20231104 16:17:10.839" level="INFO">Temporally setting log level to: NONE</msg>
<msg timestamp="20231104 16:17:10.860" level="INFO">Log level changed from NONE to INFO.</msg>
<status status="PASS" starttime="20231104 16:17:10.824" endtime="20231104 16:17:10.860"/>
</kw>
<status status="PASS" starttime="20231104 16:17:10.824" endtime="20231104 16:17:10.860"/>
</kw>
<kw name="Set Password Confirmation">
<arg>jami1234</arg>
<kw name="Input Password" library="SeleniumLibrary">
<arg>password_confirmation</arg>
<arg>${password_confirmation}</arg>
<doc>Types the given password into the text field identified by ``locator``.</doc>
<msg timestamp="20231104 16:17:10.861" level="INFO">Typing password into text field 'password_confirmation'.</msg>
<msg timestamp="20231104 16:17:10.878" level="INFO">Temporally setting log level to: NONE</msg>
<msg timestamp="20231104 16:17:10.897" level="INFO">Log level changed from NONE to INFO.</msg>
<status status="PASS" starttime="20231104 16:17:10.861" endtime="20231104 16:17:10.897"/>
</kw>
<status status="PASS" starttime="20231104 16:17:10.861" endtime="20231104 16:17:10.897"/>
</kw>
<kw name="Submit Registeration">
<kw name="Click Button" library="SeleniumLibrary">
<arg>Register</arg>
<doc>Clicks the button identified by ``locator``.</doc>
<msg timestamp="20231104 16:17:10.898" level="INFO">Clicking button 'Register'.</msg>
<status status="PASS" starttime="20231104 16:17:10.898" endtime="20231104 16:17:11.237"/>
</kw>
<status status="PASS" starttime="20231104 16:17:10.898" endtime="20231104 16:17:11.238"/>
</kw>
<kw name="Go To Login Page" library="resource">
<kw name="Go To" library="SeleniumLibrary">
<arg>${LOGIN_URL}</arg>
<doc>Navigates the current browser window to the provided ``url``.</doc>
<msg timestamp="20231104 16:17:11.238" level="INFO">Opening url 'http://localhost:5001/login'</msg>
<status status="PASS" starttime="20231104 16:17:11.238" endtime="20231104 16:17:11.317"/>
</kw>
<status status="PASS" starttime="20231104 16:17:11.238" endtime="20231104 16:17:11.318"/>
</kw>
<kw name="Set Username">
<arg>jami</arg>
<kw name="Input Text" library="SeleniumLibrary">
<arg>username</arg>
<arg>${username}</arg>
<doc>Types the given ``text`` into the text field identified by ``locator``.</doc>
<msg timestamp="20231104 16:17:11.318" level="INFO">Typing text 'jami' into text field 'username'.</msg>
<status status="PASS" starttime="20231104 16:17:11.318" endtime="20231104 16:17:11.355"/>
</kw>
<status status="PASS" starttime="20231104 16:17:11.318" endtime="20231104 16:17:11.355"/>
</kw>
<kw name="Set Password">
<arg>jami1234</arg>
<kw name="Input Password" library="SeleniumLibrary">
<arg>password</arg>
<arg>${password}</arg>
<doc>Types the given password into the text field identified by ``locator``.</doc>
<msg timestamp="20231104 16:17:11.355" level="INFO">Typing password into text field 'password'.</msg>
<msg timestamp="20231104 16:17:11.371" level="INFO">Temporally setting log level to: NONE</msg>
<msg timestamp="20231104 16:17:11.391" level="INFO">Log level changed from NONE to INFO.</msg>
<status status="PASS" starttime="20231104 16:17:11.355" endtime="20231104 16:17:11.391"/>
</kw>
<status status="PASS" starttime="20231104 16:17:11.355" endtime="20231104 16:17:11.391"/>
</kw>
<kw name="Submit Credentials">
<kw name="Click Button" library="SeleniumLibrary">
<arg>Login</arg>
<doc>Clicks the button identified by ``locator``.</doc>
<msg timestamp="20231104 16:17:11.392" level="INFO">Clicking button 'Login'.</msg>
<status status="PASS" starttime="20231104 16:17:11.392" endtime="20231104 16:17:11.740"/>
</kw>
<status status="PASS" starttime="20231104 16:17:11.391" endtime="20231104 16:17:11.740"/>
</kw>
<kw name="Login Should Succeed">
<kw name="Main Page Should Be Open" library="resource">
<kw name="Title Should Be" library="SeleniumLibrary">
<arg>Ohtu Application main page</arg>
<doc>Verifies that the current page title equals ``title``.</doc>
<msg timestamp="20231104 16:17:11.744" level="INFO">Page title is 'Ohtu Application main page'.</msg>
<status status="PASS" starttime="20231104 16:17:11.741" endtime="20231104 16:17:11.744"/>
</kw>
<status status="PASS" starttime="20231104 16:17:11.741" endtime="20231104 16:17:11.744"/>
</kw>
<status status="PASS" starttime="20231104 16:17:11.740" endtime="20231104 16:17:11.744"/>
</kw>
<status status="PASS" starttime="20231104 16:17:10.688" endtime="20231104 16:17:11.744"/>
</test>
<test id="s1-t6" name="Login After Failed Registration" line="50">
<kw name="Go To Register Page" library="resource" type="SETUP">
<kw name="Go To" library="SeleniumLibrary">
<arg>${REGISTER_URL}</arg>
<doc>Navigates the current browser window to the provided ``url``.</doc>
<msg timestamp="20231104 16:17:11.745" level="INFO">Opening url 'http://localhost:5001/register'</msg>
<status status="PASS" starttime="20231104 16:17:11.745" endtime="20231104 16:17:11.866"/>
</kw>
<status status="PASS" starttime="20231104 16:17:11.745" endtime="20231104 16:17:11.866"/>
</kw>
<kw name="Set Username">
<arg>jamii</arg>
<kw name="Input Text" library="SeleniumLibrary">
<arg>username</arg>
<arg>${username}</arg>
<doc>Types the given ``text`` into the text field identified by ``locator``.</doc>
<msg timestamp="20231104 16:17:11.866" level="INFO">Typing text 'jamii' into text field 'username'.</msg>
<status status="PASS" starttime="20231104 16:17:11.866" endtime="20231104 16:17:11.904"/>
</kw>
<status status="PASS" starttime="20231104 16:17:11.866" endtime="20231104 16:17:11.904"/>
</kw>
<kw name="Set Password">
<arg>jami1234</arg>
<kw name="Input Password" library="SeleniumLibrary">
<arg>password</arg>
<arg>${password}</arg>
<doc>Types the given password into the text field identified by ``locator``.</doc>
<msg timestamp="20231104 16:17:11.904" level="INFO">Typing password into text field 'password'.</msg>
<msg timestamp="20231104 16:17:11.920" level="INFO">Temporally setting log level to: NONE</msg>
<msg timestamp="20231104 16:17:11.941" level="INFO">Log level changed from NONE to INFO.</msg>
<status status="PASS" starttime="20231104 16:17:11.904" endtime="20231104 16:17:11.941"/>
</kw>
<status status="PASS" starttime="20231104 16:17:11.904" endtime="20231104 16:17:11.941"/>
</kw>
<kw name="Set Password Confirmation">
<arg>jami12345</arg>
<kw name="Input Password" library="SeleniumLibrary">
<arg>password_confirmation</arg>
<arg>${password_confirmation}</arg>
<doc>Types the given password into the text field identified by ``locator``.</doc>
<msg timestamp="20231104 16:17:11.942" level="INFO">Typing password into text field 'password_confirmation'.</msg>
<msg timestamp="20231104 16:17:11.958" level="INFO">Temporally setting log level to: NONE</msg>
<msg timestamp="20231104 16:17:11.978" level="INFO">Log level changed from NONE to INFO.</msg>
<status status="PASS" starttime="20231104 16:17:11.942" endtime="20231104 16:17:11.978"/>
</kw>
<status status="PASS" starttime="20231104 16:17:11.941" endtime="20231104 16:17:11.978"/>
</kw>
<kw name="Submit Registeration">
<kw name="Click Button" library="SeleniumLibrary">
<arg>Register</arg>
<doc>Clicks the button identified by ``locator``.</doc>
<msg timestamp="20231104 16:17:11.979" level="INFO">Clicking button 'Register'.</msg>
<status status="PASS" starttime="20231104 16:17:11.979" endtime="20231104 16:17:12.319"/>
</kw>
<status status="PASS" starttime="20231104 16:17:11.978" endtime="20231104 16:17:12.319"/>
</kw>
<kw name="Go To Login Page" library="resource">
<kw name="Go To" library="SeleniumLibrary">
<arg>${LOGIN_URL}</arg>
<doc>Navigates the current browser window to the provided ``url``.</doc>
<msg timestamp="20231104 16:17:12.320" level="INFO">Opening url 'http://localhost:5001/login'</msg>
<status status="PASS" starttime="20231104 16:17:12.319" endtime="20231104 16:17:12.365"/>
</kw>
<status status="PASS" starttime="20231104 16:17:12.319" endtime="20231104 16:17:12.365"/>
</kw>
<kw name="Set Username">
<arg>jamii</arg>
<kw name="Input Text" library="SeleniumLibrary">
<arg>username</arg>
<arg>${username}</arg>
<doc>Types the given ``text`` into the text field identified by ``locator``.</doc>
<msg timestamp="20231104 16:17:12.366" level="INFO">Typing text 'jamii' into text field 'username'.</msg>
<status status="PASS" starttime="20231104 16:17:12.366" endtime="20231104 16:17:12.403"/>
</kw>
<status status="PASS" starttime="20231104 16:17:12.365" endtime="20231104 16:17:12.403"/>
</kw>
<kw name="Set Password">
<arg>jami1234</arg>
<kw name="Input Password" library="SeleniumLibrary">
<arg>password</arg>
<arg>${password}</arg>
<doc>Types the given password into the text field identified by ``locator``.</doc>
<msg timestamp="20231104 16:17:12.404" level="INFO">Typing password into text field 'password'.</msg>
<msg timestamp="20231104 16:17:12.421" level="INFO">Temporally setting log level to: NONE</msg>
<msg timestamp="20231104 16:17:12.442" level="INFO">Log level changed from NONE to INFO.</msg>
<status status="PASS" starttime="20231104 16:17:12.404" endtime="20231104 16:17:12.442"/>
</kw>
<status status="PASS" starttime="20231104 16:17:12.404" endtime="20231104 16:17:12.442"/>
</kw>
<kw name="Submit Credentials">
<kw name="Click Button" library="SeleniumLibrary">
<arg>Login</arg>
<doc>Clicks the button identified by ``locator``.</doc>
<msg timestamp="20231104 16:17:12.443" level="INFO">Clicking button 'Login'.</msg>
<status status="PASS" starttime="20231104 16:17:12.443" endtime="20231104 16:17:12.783"/>
</kw>
<status status="PASS" starttime="20231104 16:17:12.442" endtime="20231104 16:17:12.783"/>
</kw>
<kw name="Login Should Fail With Message">
<arg>Invalid username or password</arg>
<kw name="Login Page Should Be Open" library="resource">
<kw name="Title Should Be" library="SeleniumLibrary">
<arg>Login</arg>
<doc>Verifies that the current page title equals ``title``.</doc>
<msg timestamp="20231104 16:17:12.787" level="INFO">Page title is 'Login'.</msg>
<status status="PASS" starttime="20231104 16:17:12.784" endtime="20231104 16:17:12.787"/>
</kw>
<status status="PASS" starttime="20231104 16:17:12.784" endtime="20231104 16:17:12.787"/>
</kw>
<kw name="Page Should Contain" library="SeleniumLibrary">
<arg>${message}</arg>
<doc>Verifies that current page contains ``text``.</doc>
<msg timestamp="20231104 16:17:12.795" level="INFO">Current page contains text 'Invalid username or password'.</msg>
<status status="PASS" starttime="20231104 16:17:12.787" endtime="20231104 16:17:12.795"/>
</kw>
<status status="PASS" starttime="20231104 16:17:12.783" endtime="20231104 16:17:12.795"/>
</kw>
<status status="PASS" starttime="20231104 16:17:11.744" endtime="20231104 16:17:12.796"/>
</test>
<kw name="Close Browser" library="SeleniumLibrary" type="TEARDOWN">
<doc>Closes the current browser.</doc>
<status status="PASS" starttime="20231104 16:17:12.797" endtime="20231104 16:17:14.854"/>
</kw>
<status status="PASS" starttime="20231104 16:17:03.873" endtime="20231104 16:17:14.854"/>
</suite>
<statistics>
<total>
<stat pass="6" fail="0" skip="0">All Tests</stat>
</total>
<tag>
</tag>
<suite>
<stat pass="6" fail="0" skip="0" id="s1" name="Register">Register</stat>
</suite>
</statistics>
<errors>
</errors>
</robot>
